<?xml version="1.0" encoding="UTF-8"?>
<testng-results ignored="0" total="2" passed="2" failed="0" skipped="0">
  <reporter-output>
  </reporter-output>
  <suite started-at="2024-10-13T00:10:24 IST" name="Master Suite" finished-at="2024-10-13T00:10:34 IST" duration-ms="10151">
    <groups>
      <group name="Master">
        <method signature="TC001_Product_LoginCart_Test.verify_Login_ProductCart()[pri:0, instance:testCases.TC001_Product_LoginCart_Test@36bc55de]" name="verify_Login_ProductCart" class="testCases.TC001_Product_LoginCart_Test"/>
        <method signature="TC002_ApiTest.verifyGetRequestStatusCode()[pri:0, instance:testCases.TC002_ApiTest@74fe5c40]" name="verifyGetRequestStatusCode" class="testCases.TC002_ApiTest"/>
      </group> <!-- Master -->
    </groups>
    <test started-at="2024-10-13T00:10:24 IST" name="Test" finished-at="2024-10-13T00:10:34 IST" duration-ms="10151">
      <class name="testCases.TC001_Product_LoginCart_Test">
        <test-method is-config="true" signature="setup(java.lang.String,java.lang.String)[pri:0, instance:testCases.TC001_Product_LoginCart_Test@36bc55de]" started-at="2024-10-13T00:10:25 IST" name="setup" finished-at="2024-10-13T00:10:28 IST" duration-ms="3909" status="PASS">
          <params>
            <param index="0">
              <value>
                <![CDATA[Windows]]>
              </value>
            </param>
            <param index="1">
              <value>
                <![CDATA[chrome]]>
              </value>
            </param>
          </params>
          <reporter-output>
          </reporter-output>
        </test-method> <!-- setup -->
        <test-method signature="verify_Login_ProductCart()[pri:0, instance:testCases.TC001_Product_LoginCart_Test@36bc55de]" started-at="2024-10-13T00:10:29 IST" name="verify_Login_ProductCart" finished-at="2024-10-13T00:10:34 IST" duration-ms="5117" status="PASS">
          <reporter-output>
          </reporter-output>
        </test-method> <!-- verify_Login_ProductCart -->
        <test-method is-config="true" signature="tearDown()[pri:0, instance:testCases.TC001_Product_LoginCart_Test@36bc55de]" started-at="2024-10-13T00:10:34 IST" name="tearDown" finished-at="2024-10-13T00:10:34 IST" duration-ms="277" status="PASS">
          <reporter-output>
          </reporter-output>
        </test-method> <!-- tearDown -->
      </class> <!-- testCases.TC001_Product_LoginCart_Test -->
      <class name="testCases.TC002_ApiTest">
        <test-method signature="verifyGetRequestStatusCode()[pri:0, instance:testCases.TC002_ApiTest@74fe5c40]" started-at="2024-10-13T00:10:34 IST" name="verifyGetRequestStatusCode" finished-at="2024-10-13T00:10:34 IST" duration-ms="410" status="PASS">
          <reporter-output>
          </reporter-output>
        </test-method> <!-- verifyGetRequestStatusCode -->
      </class> <!-- testCases.TC002_ApiTest -->
    </test> <!-- Test -->
  </suite> <!-- Master Suite -->
</testng-results>
